<?xml version="1.0" encoding="UTF-8"?>
<testsuite name="com.tabner.employee.service.Test.MuUserDetailServiceTest" tests="0" skipped="0" failures="0" errors="0" timestamp="1970-01-01T00:00:00" hostname="DESKTOP-MIV7J9V" time="0.0">
  <properties/>
  <system-out><![CDATA[19:28:22.668 [Test worker] DEBUG org.springframework.test.context.junit4.SpringJUnit4ClassRunner - SpringJUnit4ClassRunner constructor called with [class com.tabner.employee.service.Test.MuUserDetailServiceTest]
19:28:22.668 [Test worker] DEBUG org.springframework.test.context.BootstrapUtils - Instantiating CacheAwareContextLoaderDelegate from class [org.springframework.test.context.cache.DefaultCacheAwareContextLoaderDelegate]
19:28:22.671 [Test worker] DEBUG org.springframework.test.context.BootstrapUtils - Instantiating BootstrapContext using constructor [public org.springframework.test.context.support.DefaultBootstrapContext(java.lang.Class,org.springframework.test.context.CacheAwareContextLoaderDelegate)]
19:28:22.672 [Test worker] DEBUG org.springframework.test.context.BootstrapUtils - Instantiating TestContextBootstrapper for test class [com.tabner.employee.service.Test.MuUserDetailServiceTest] from class [org.springframework.boot.test.context.SpringBootTestContextBootstrapper]
19:28:22.673 [Test worker] INFO org.springframework.boot.test.context.SpringBootTestContextBootstrapper - Neither @ContextConfiguration nor @ContextHierarchy found for test class [com.tabner.employee.service.Test.MuUserDetailServiceTest], using SpringBootContextLoader
19:28:22.674 [Test worker] DEBUG org.springframework.test.context.support.AbstractContextLoader - Did not detect default resource location for test class [com.tabner.employee.service.Test.MuUserDetailServiceTest]: class path resource [com/tabner/employee/service/Test/MuUserDetailServiceTest-context.xml] does not exist
19:28:22.675 [Test worker] DEBUG org.springframework.test.context.support.AbstractContextLoader - Did not detect default resource location for test class [com.tabner.employee.service.Test.MuUserDetailServiceTest]: class path resource [com/tabner/employee/service/Test/MuUserDetailServiceTestContext.groovy] does not exist
19:28:22.676 [Test worker] INFO org.springframework.test.context.support.AbstractContextLoader - Could not detect default resource locations for test class [com.tabner.employee.service.Test.MuUserDetailServiceTest]: no resource found for suffixes {-context.xml, Context.groovy}.
19:28:22.694 [Test worker] DEBUG org.springframework.test.context.support.ActiveProfilesUtils - Could not find an 'annotation declaring class' for annotation type [org.springframework.test.context.ActiveProfiles] and class [com.tabner.employee.service.Test.MuUserDetailServiceTest]
19:28:22.698 [Test worker] DEBUG org.springframework.boot.test.context.SpringBootTestContextBootstrapper - @TestExecutionListeners is not present for class [com.tabner.employee.service.Test.MuUserDetailServiceTest]: using defaults.
19:28:22.711 [Test worker] INFO org.springframework.boot.test.context.SpringBootTestContextBootstrapper - Loaded default TestExecutionListener class names from location [META-INF/spring.factories]: [org.springframework.boot.test.mock.mockito.MockitoTestExecutionListener, org.springframework.boot.test.mock.mockito.ResetMocksTestExecutionListener, org.springframework.boot.test.autoconfigure.AutoConfigureReportTestExecutionListener, org.springframework.boot.test.autoconfigure.restdocs.RestDocsTestExecutionListener, org.springframework.boot.test.autoconfigure.web.client.MockRestServiceServerResetTestExecutionListener, org.springframework.test.context.web.ServletTestExecutionListener, org.springframework.test.context.support.DirtiesContextBeforeModesTestExecutionListener, org.springframework.test.context.support.DependencyInjectionTestExecutionListener, org.springframework.test.context.support.DirtiesContextTestExecutionListener, org.springframework.test.context.transaction.TransactionalTestExecutionListener, org.springframework.test.context.jdbc.SqlScriptsTestExecutionListener]
19:28:22.715 [Test worker] INFO org.springframework.boot.test.context.SpringBootTestContextBootstrapper - Using TestExecutionListeners: [org.springframework.test.context.web.ServletTestExecutionListener@5e36f20d, org.springframework.test.context.support.DirtiesContextBeforeModesTestExecutionListener@38ab4786, org.springframework.boot.test.autoconfigure.AutoConfigureReportTestExecutionListener@403bb7d8, org.springframework.test.context.support.DependencyInjectionTestExecutionListener@efec39a, org.springframework.test.context.support.DirtiesContextTestExecutionListener@6731fed2, org.springframework.test.context.transaction.TransactionalTestExecutionListener@5c412c5, org.springframework.test.context.jdbc.SqlScriptsTestExecutionListener@185ce0d2, org.springframework.boot.test.mock.mockito.MockitoTestExecutionListener@60461250, org.springframework.boot.test.autoconfigure.restdocs.RestDocsTestExecutionListener@869a7e4, org.springframework.boot.test.mock.mockito.ResetMocksTestExecutionListener@2d1ece16, org.springframework.boot.test.autoconfigure.web.client.MockRestServiceServerResetTestExecutionListener@52bbe117]
19:28:22.716 [Test worker] DEBUG org.springframework.test.annotation.ProfileValueUtils - Retrieved @ProfileValueSourceConfiguration [null] for test class [com.tabner.employee.service.Test.MuUserDetailServiceTest]
19:28:22.716 [Test worker] DEBUG org.springframework.test.annotation.ProfileValueUtils - Retrieved ProfileValueSource type [class org.springframework.test.annotation.SystemProfileValueSource] for class [com.tabner.employee.service.Test.MuUserDetailServiceTest]
]]></system-out>
  <system-err><![CDATA[]]></system-err>
</testsuite>
