<?xml version="1.0" encoding="UTF-8"?>
<testsuite name="com.tabner.employee.service.Test.MuUserDetailServiceTest" tests="0" skipped="0" failures="0" errors="0" timestamp="1970-01-01T00:00:00" hostname="DESKTOP-MIV7J9V" time="0.0">
  <properties/>
  <system-out><![CDATA[18:59:01.528 [Test worker] DEBUG org.springframework.test.context.junit4.SpringJUnit4ClassRunner - SpringJUnit4ClassRunner constructor called with [class com.tabner.employee.service.Test.MuUserDetailServiceTest]
18:59:01.529 [Test worker] DEBUG org.springframework.test.context.BootstrapUtils - Instantiating CacheAwareContextLoaderDelegate from class [org.springframework.test.context.cache.DefaultCacheAwareContextLoaderDelegate]
18:59:01.533 [Test worker] DEBUG org.springframework.test.context.BootstrapUtils - Instantiating BootstrapContext using constructor [public org.springframework.test.context.support.DefaultBootstrapContext(java.lang.Class,org.springframework.test.context.CacheAwareContextLoaderDelegate)]
18:59:01.534 [Test worker] DEBUG org.springframework.test.context.BootstrapUtils - Instantiating TestContextBootstrapper for test class [com.tabner.employee.service.Test.MuUserDetailServiceTest] from class [org.springframework.boot.test.context.SpringBootTestContextBootstrapper]
18:59:01.538 [Test worker] INFO org.springframework.boot.test.context.SpringBootTestContextBootstrapper - Neither @ContextConfiguration nor @ContextHierarchy found for test class [com.tabner.employee.service.Test.MuUserDetailServiceTest], using SpringBootContextLoader
18:59:01.541 [Test worker] DEBUG org.springframework.test.context.support.AbstractContextLoader - Did not detect default resource location for test class [com.tabner.employee.service.Test.MuUserDetailServiceTest]: class path resource [com/tabner/employee/service/Test/MuUserDetailServiceTest-context.xml] does not exist
18:59:01.543 [Test worker] DEBUG org.springframework.test.context.support.AbstractContextLoader - Did not detect default resource location for test class [com.tabner.employee.service.Test.MuUserDetailServiceTest]: class path resource [com/tabner/employee/service/Test/MuUserDetailServiceTestContext.groovy] does not exist
18:59:01.543 [Test worker] INFO org.springframework.test.context.support.AbstractContextLoader - Could not detect default resource locations for test class [com.tabner.employee.service.Test.MuUserDetailServiceTest]: no resource found for suffixes {-context.xml, Context.groovy}.
18:59:01.585 [Test worker] DEBUG org.springframework.test.context.support.ActiveProfilesUtils - Could not find an 'annotation declaring class' for annotation type [org.springframework.test.context.ActiveProfiles] and class [com.tabner.employee.service.Test.MuUserDetailServiceTest]
18:59:01.589 [Test worker] DEBUG org.springframework.boot.test.context.SpringBootTestContextBootstrapper - @TestExecutionListeners is not present for class [com.tabner.employee.service.Test.MuUserDetailServiceTest]: using defaults.
18:59:01.600 [Test worker] INFO org.springframework.boot.test.context.SpringBootTestContextBootstrapper - Loaded default TestExecutionListener class names from location [META-INF/spring.factories]: [org.springframework.boot.test.mock.mockito.MockitoTestExecutionListener, org.springframework.boot.test.mock.mockito.ResetMocksTestExecutionListener, org.springframework.boot.test.autoconfigure.AutoConfigureReportTestExecutionListener, org.springframework.boot.test.autoconfigure.restdocs.RestDocsTestExecutionListener, org.springframework.boot.test.autoconfigure.web.client.MockRestServiceServerResetTestExecutionListener, org.springframework.test.context.web.ServletTestExecutionListener, org.springframework.test.context.support.DirtiesContextBeforeModesTestExecutionListener, org.springframework.test.context.support.DependencyInjectionTestExecutionListener, org.springframework.test.context.support.DirtiesContextTestExecutionListener, org.springframework.test.context.transaction.TransactionalTestExecutionListener, org.springframework.test.context.jdbc.SqlScriptsTestExecutionListener]
18:59:01.601 [Test worker] INFO org.springframework.boot.test.context.SpringBootTestContextBootstrapper - Using TestExecutionListeners: [org.springframework.test.context.web.ServletTestExecutionListener@50d7101c, org.springframework.test.context.support.DirtiesContextBeforeModesTestExecutionListener@6a7b23b0, org.springframework.boot.test.autoconfigure.AutoConfigureReportTestExecutionListener@21836873, org.springframework.test.context.support.DependencyInjectionTestExecutionListener@2023c42d, org.springframework.test.context.support.DirtiesContextTestExecutionListener@489c77c5, org.springframework.test.context.transaction.TransactionalTestExecutionListener@7bc9bbc5, org.springframework.test.context.jdbc.SqlScriptsTestExecutionListener@4133843f, org.springframework.boot.test.autoconfigure.web.client.MockRestServiceServerResetTestExecutionListener@7f8f2298, org.springframework.boot.test.autoconfigure.restdocs.RestDocsTestExecutionListener@540640f3, org.springframework.boot.test.mock.mockito.MockitoTestExecutionListener@6227ce25, org.springframework.boot.test.mock.mockito.ResetMocksTestExecutionListener@3fe8ac22]
18:59:01.601 [Test worker] DEBUG org.springframework.test.annotation.ProfileValueUtils - Retrieved @ProfileValueSourceConfiguration [null] for test class [com.tabner.employee.service.Test.MuUserDetailServiceTest]
18:59:01.602 [Test worker] DEBUG org.springframework.test.annotation.ProfileValueUtils - Retrieved ProfileValueSource type [class org.springframework.test.annotation.SystemProfileValueSource] for class [com.tabner.employee.service.Test.MuUserDetailServiceTest]
]]></system-out>
  <system-err><![CDATA[]]></system-err>
</testsuite>
