<?xml version="1.0" encoding="UTF-8"?>
<testsuite name="com.tabner.employee.service.Test.JpaTest" tests="0" skipped="0" failures="0" errors="0" timestamp="1970-01-01T00:00:00" hostname="DESKTOP-MIV7J9V" time="0.0">
  <properties/>
  <system-out><![CDATA[18:59:01.050 [Test worker] DEBUG org.springframework.test.context.junit4.SpringJUnit4ClassRunner - SpringJUnit4ClassRunner constructor called with [class com.tabner.employee.service.Test.JpaTest]
18:59:01.067 [Test worker] DEBUG org.springframework.test.context.BootstrapUtils - Instantiating CacheAwareContextLoaderDelegate from class [org.springframework.test.context.cache.DefaultCacheAwareContextLoaderDelegate]
18:59:01.078 [Test worker] DEBUG org.springframework.test.context.BootstrapUtils - Instantiating BootstrapContext using constructor [public org.springframework.test.context.support.DefaultBootstrapContext(java.lang.Class,org.springframework.test.context.CacheAwareContextLoaderDelegate)]
18:59:01.097 [Test worker] DEBUG org.springframework.test.context.BootstrapUtils - Instantiating TestContextBootstrapper for test class [com.tabner.employee.service.Test.JpaTest] from class [org.springframework.boot.test.context.SpringBootTestContextBootstrapper]
18:59:01.133 [Test worker] INFO org.springframework.boot.test.context.SpringBootTestContextBootstrapper - Neither @ContextConfiguration nor @ContextHierarchy found for test class [com.tabner.employee.service.Test.JpaTest], using SpringBootContextLoader
18:59:01.138 [Test worker] DEBUG org.springframework.test.context.support.AbstractContextLoader - Did not detect default resource location for test class [com.tabner.employee.service.Test.JpaTest]: class path resource [com/tabner/employee/service/Test/JpaTest-context.xml] does not exist
18:59:01.140 [Test worker] DEBUG org.springframework.test.context.support.AbstractContextLoader - Did not detect default resource location for test class [com.tabner.employee.service.Test.JpaTest]: class path resource [com/tabner/employee/service/Test/JpaTestContext.groovy] does not exist
18:59:01.140 [Test worker] INFO org.springframework.test.context.support.AbstractContextLoader - Could not detect default resource locations for test class [com.tabner.employee.service.Test.JpaTest]: no resource found for suffixes {-context.xml, Context.groovy}.
18:59:01.301 [Test worker] DEBUG org.springframework.test.context.support.ActiveProfilesUtils - Could not find an 'annotation declaring class' for annotation type [org.springframework.test.context.ActiveProfiles] and class [com.tabner.employee.service.Test.JpaTest]
18:59:01.397 [Test worker] DEBUG org.springframework.boot.test.context.SpringBootTestContextBootstrapper - @TestExecutionListeners is not present for class [com.tabner.employee.service.Test.JpaTest]: using defaults.
18:59:01.404 [Test worker] INFO org.springframework.boot.test.context.SpringBootTestContextBootstrapper - Loaded default TestExecutionListener class names from location [META-INF/spring.factories]: [org.springframework.boot.test.mock.mockito.MockitoTestExecutionListener, org.springframework.boot.test.mock.mockito.ResetMocksTestExecutionListener, org.springframework.boot.test.autoconfigure.AutoConfigureReportTestExecutionListener, org.springframework.boot.test.autoconfigure.restdocs.RestDocsTestExecutionListener, org.springframework.boot.test.autoconfigure.web.client.MockRestServiceServerResetTestExecutionListener, org.springframework.test.context.web.ServletTestExecutionListener, org.springframework.test.context.support.DirtiesContextBeforeModesTestExecutionListener, org.springframework.test.context.support.DependencyInjectionTestExecutionListener, org.springframework.test.context.support.DirtiesContextTestExecutionListener, org.springframework.test.context.transaction.TransactionalTestExecutionListener, org.springframework.test.context.jdbc.SqlScriptsTestExecutionListener]
18:59:01.469 [Test worker] INFO org.springframework.boot.test.context.SpringBootTestContextBootstrapper - Using TestExecutionListeners: [org.springframework.test.context.web.ServletTestExecutionListener@6b65632e, org.springframework.test.context.support.DirtiesContextBeforeModesTestExecutionListener@1916fb14, org.springframework.boot.test.autoconfigure.AutoConfigureReportTestExecutionListener@61bdfa72, org.springframework.test.context.support.DependencyInjectionTestExecutionListener@3170535a, org.springframework.test.context.support.DirtiesContextTestExecutionListener@71cc2a49, org.springframework.test.context.transaction.TransactionalTestExecutionListener@5f2cb13f, org.springframework.test.context.jdbc.SqlScriptsTestExecutionListener@51ccbec2, org.springframework.boot.test.autoconfigure.web.client.MockRestServiceServerResetTestExecutionListener@6215cd22, org.springframework.boot.test.autoconfigure.restdocs.RestDocsTestExecutionListener@729b2d4b, org.springframework.boot.test.mock.mockito.MockitoTestExecutionListener@4804df6e, org.springframework.boot.test.mock.mockito.ResetMocksTestExecutionListener@7c8a5202]
18:59:01.497 [Test worker] DEBUG org.springframework.test.annotation.ProfileValueUtils - Retrieved @ProfileValueSourceConfiguration [null] for test class [com.tabner.employee.service.Test.JpaTest]
18:59:01.499 [Test worker] DEBUG org.springframework.test.annotation.ProfileValueUtils - Retrieved ProfileValueSource type [class org.springframework.test.annotation.SystemProfileValueSource] for class [com.tabner.employee.service.Test.JpaTest]
]]></system-out>
  <system-err><![CDATA[]]></system-err>
</testsuite>
