<?xml version="1.0" encoding="UTF-8"?>
<testsuite name="com.tabner.employee.service.Test.JpaTest" tests="0" skipped="0" failures="0" errors="0" timestamp="1970-01-01T00:00:00" hostname="DESKTOP-MIV7J9V" time="0.0">
  <properties/>
  <system-out><![CDATA[19:28:22.316 [Test worker] DEBUG org.springframework.test.context.junit4.SpringJUnit4ClassRunner - SpringJUnit4ClassRunner constructor called with [class com.tabner.employee.service.Test.JpaTest]
19:28:22.324 [Test worker] DEBUG org.springframework.test.context.BootstrapUtils - Instantiating CacheAwareContextLoaderDelegate from class [org.springframework.test.context.cache.DefaultCacheAwareContextLoaderDelegate]
19:28:22.341 [Test worker] DEBUG org.springframework.test.context.BootstrapUtils - Instantiating BootstrapContext using constructor [public org.springframework.test.context.support.DefaultBootstrapContext(java.lang.Class,org.springframework.test.context.CacheAwareContextLoaderDelegate)]
19:28:22.367 [Test worker] DEBUG org.springframework.test.context.BootstrapUtils - Instantiating TestContextBootstrapper for test class [com.tabner.employee.service.Test.JpaTest] from class [org.springframework.boot.test.context.SpringBootTestContextBootstrapper]
19:28:22.401 [Test worker] INFO org.springframework.boot.test.context.SpringBootTestContextBootstrapper - Neither @ContextConfiguration nor @ContextHierarchy found for test class [com.tabner.employee.service.Test.JpaTest], using SpringBootContextLoader
19:28:22.407 [Test worker] DEBUG org.springframework.test.context.support.AbstractContextLoader - Did not detect default resource location for test class [com.tabner.employee.service.Test.JpaTest]: class path resource [com/tabner/employee/service/Test/JpaTest-context.xml] does not exist
19:28:22.409 [Test worker] DEBUG org.springframework.test.context.support.AbstractContextLoader - Did not detect default resource location for test class [com.tabner.employee.service.Test.JpaTest]: class path resource [com/tabner/employee/service/Test/JpaTestContext.groovy] does not exist
19:28:22.409 [Test worker] INFO org.springframework.test.context.support.AbstractContextLoader - Could not detect default resource locations for test class [com.tabner.employee.service.Test.JpaTest]: no resource found for suffixes {-context.xml, Context.groovy}.
19:28:22.513 [Test worker] DEBUG org.springframework.test.context.support.ActiveProfilesUtils - Could not find an 'annotation declaring class' for annotation type [org.springframework.test.context.ActiveProfiles] and class [com.tabner.employee.service.Test.JpaTest]
19:28:22.591 [Test worker] DEBUG org.springframework.boot.test.context.SpringBootTestContextBootstrapper - @TestExecutionListeners is not present for class [com.tabner.employee.service.Test.JpaTest]: using defaults.
19:28:22.601 [Test worker] INFO org.springframework.boot.test.context.SpringBootTestContextBootstrapper - Loaded default TestExecutionListener class names from location [META-INF/spring.factories]: [org.springframework.boot.test.mock.mockito.MockitoTestExecutionListener, org.springframework.boot.test.mock.mockito.ResetMocksTestExecutionListener, org.springframework.boot.test.autoconfigure.AutoConfigureReportTestExecutionListener, org.springframework.boot.test.autoconfigure.restdocs.RestDocsTestExecutionListener, org.springframework.boot.test.autoconfigure.web.client.MockRestServiceServerResetTestExecutionListener, org.springframework.test.context.web.ServletTestExecutionListener, org.springframework.test.context.support.DirtiesContextBeforeModesTestExecutionListener, org.springframework.test.context.support.DependencyInjectionTestExecutionListener, org.springframework.test.context.support.DirtiesContextTestExecutionListener, org.springframework.test.context.transaction.TransactionalTestExecutionListener, org.springframework.test.context.jdbc.SqlScriptsTestExecutionListener]
19:28:22.632 [Test worker] INFO org.springframework.boot.test.context.SpringBootTestContextBootstrapper - Using TestExecutionListeners: [org.springframework.test.context.web.ServletTestExecutionListener@63d292bf, org.springframework.test.context.support.DirtiesContextBeforeModesTestExecutionListener@4a15fdc5, org.springframework.boot.test.autoconfigure.AutoConfigureReportTestExecutionListener@333a3214, org.springframework.test.context.support.DependencyInjectionTestExecutionListener@19d0a1d1, org.springframework.test.context.support.DirtiesContextTestExecutionListener@6ee08f3e, org.springframework.test.context.transaction.TransactionalTestExecutionListener@b7eacf2, org.springframework.test.context.jdbc.SqlScriptsTestExecutionListener@6936951b, org.springframework.boot.test.mock.mockito.MockitoTestExecutionListener@75747fc5, org.springframework.boot.test.autoconfigure.restdocs.RestDocsTestExecutionListener@1f87972a, org.springframework.boot.test.mock.mockito.ResetMocksTestExecutionListener@6160b114, org.springframework.boot.test.autoconfigure.web.client.MockRestServiceServerResetTestExecutionListener@3ca37e6e]
19:28:22.645 [Test worker] DEBUG org.springframework.test.annotation.ProfileValueUtils - Retrieved @ProfileValueSourceConfiguration [null] for test class [com.tabner.employee.service.Test.JpaTest]
19:28:22.646 [Test worker] DEBUG org.springframework.test.annotation.ProfileValueUtils - Retrieved ProfileValueSource type [class org.springframework.test.annotation.SystemProfileValueSource] for class [com.tabner.employee.service.Test.JpaTest]
]]></system-out>
  <system-err><![CDATA[]]></system-err>
</testsuite>
